[ 2017-03-02T14:02:40+08:00 ] ::1 /index.php?c=index&a=main
INFO: [ app_init ] --START--
INFO: Run Behavior\BuildLiteBehavior [ RunTime:0.000027s ]
INFO: [ app_init ] --END-- [ RunTime:0.009331s ]
INFO: [ app_begin ] --START--
INFO: Run Behavior\ReadHtmlCacheBehavior [ RunTime:0.012262s ]
INFO: [ app_begin ] --END-- [ RunTime:0.012391s ]
SQL: SHOW COLUMNS FROM `product` [ RunTime:0.0101s ]
SQL: SELECT COUNT(*) AS tp_count FROM `product` LIMIT 1   [ RunTime:0.0003s ]
SQL: SELECT * FROM `product` LIMIT 0,25   [ RunTime:0.0003s ]
INFO: [ view_parse ] --START--
INFO: [ template_filter ] --START--
INFO: Run Behavior\ContentReplaceBehavior [ RunTime:0.000153s ]
INFO: [ template_filter ] --END-- [ RunTime:0.000270s ]
NOTIC: [8] Undefined index: image_purl C:\wamp\www\Application\Runtime\Cache\Home\74fc9139d264ae8032e9fc192ceac7be.php 第 1296 行.
INFO: Run Behavior\ParseTemplateBehavior [ RunTime:0.107916s ]
INFO: [ view_parse ] --END-- [ RunTime:0.108034s ]
INFO: [ view_filter ] --START--
INFO: Run Behavior\WriteHtmlCacheBehavior [ RunTime:0.008842s ]
INFO: [ view_filter ] --END-- [ RunTime:0.008953s ]
INFO: [ app_end ] --START--
INFO: Run Behavior\ShowPageTraceBehavior [ RunTime:0.019346s ]
INFO: [ app_end ] --END-- [ RunTime:0.019528s ]

[ 2017-03-02T14:02:48+08:00 ] ::1 /index.php?c=index&a=main
INFO: [ app_init ] --START--
INFO: Run Behavior\BuildLiteBehavior [ RunTime:0.000026s ]
INFO: [ app_init ] --END-- [ RunTime:0.000439s ]
INFO: [ app_begin ] --START--
INFO: Run Behavior\ReadHtmlCacheBehavior [ RunTime:0.000746s ]
INFO: [ app_begin ] --END-- [ RunTime:0.000903s ]
SQL: SHOW COLUMNS FROM `product` [ RunTime:0.0128s ]
SQL: SELECT COUNT(*) AS tp_count FROM `product` LIMIT 1   [ RunTime:0.0002s ]
SQL: SELECT * FROM `product` LIMIT 0,25   [ RunTime:0.0003s ]
INFO: [ view_parse ] --START--
INFO: [ template_filter ] --START--
INFO: Run Behavior\ContentReplaceBehavior [ RunTime:0.000145s ]
INFO: [ template_filter ] --END-- [ RunTime:0.000256s ]
NOTIC: [8] Undefined index: image_purl C:\wamp\www\Application\Runtime\Cache\Home\74fc9139d264ae8032e9fc192ceac7be.php 第 1296 行.
INFO: Run Behavior\ParseTemplateBehavior [ RunTime:0.031336s ]
INFO: [ view_parse ] --END-- [ RunTime:0.031447s ]
INFO: [ view_filter ] --START--
INFO: Run Behavior\WriteHtmlCacheBehavior [ RunTime:0.000337s ]
INFO: [ view_filter ] --END-- [ RunTime:0.000430s ]
INFO: [ app_end ] --START--
INFO: Run Behavior\ShowPageTraceBehavior [ RunTime:0.000813s ]
INFO: [ app_end ] --END-- [ RunTime:0.001003s ]

[ 2017-03-02T14:02:56+08:00 ] ::1 /index.php?c=index&a=main
INFO: [ app_init ] --START--
INFO: Run Behavior\BuildLiteBehavior [ RunTime:0.000027s ]
INFO: [ app_init ] --END-- [ RunTime:0.000418s ]
INFO: [ app_begin ] --START--
INFO: Run Behavior\ReadHtmlCacheBehavior [ RunTime:0.000460s ]
INFO: [ app_begin ] --END-- [ RunTime:0.000584s ]
SQL: SHOW COLUMNS FROM `product` [ RunTime:0.0126s ]
SQL: SELECT COUNT(*) AS tp_count FROM `product` LIMIT 1   [ RunTime:0.0002s ]
SQL: SELECT * FROM `product` LIMIT 0,25   [ RunTime:0.0003s ]
INFO: [ view_parse ] --START--
INFO: [ template_filter ] --START--
INFO: Run Behavior\ContentReplaceBehavior [ RunTime:0.000162s ]
INFO: [ template_filter ] --END-- [ RunTime:0.000282s ]
NOTIC: [8] Undefined index: image_purl C:\wamp\www\Application\Runtime\Cache\Home\74fc9139d264ae8032e9fc192ceac7be.php 第 1296 行.
INFO: Run Behavior\ParseTemplateBehavior [ RunTime:0.019254s ]
INFO: [ view_parse ] --END-- [ RunTime:0.019379s ]
INFO: [ view_filter ] --START--
INFO: Run Behavior\WriteHtmlCacheBehavior [ RunTime:0.000297s ]
INFO: [ view_filter ] --END-- [ RunTime:0.000398s ]
INFO: [ app_end ] --START--
INFO: Run Behavior\ShowPageTraceBehavior [ RunTime:0.000645s ]
INFO: [ app_end ] --END-- [ RunTime:0.000837s ]

[ 2017-03-02T14:07:34+08:00 ] ::1 /index.php?c=index&a=main
INFO: [ app_init ] --START--
INFO: Run Behavior\BuildLiteBehavior [ RunTime:0.000025s ]
INFO: [ app_init ] --END-- [ RunTime:0.000452s ]
INFO: [ app_begin ] --START--
INFO: Run Behavior\ReadHtmlCacheBehavior [ RunTime:0.000578s ]
INFO: [ app_begin ] --END-- [ RunTime:0.000703s ]
SQL: SHOW COLUMNS FROM `product` [ RunTime:0.0118s ]
SQL: SELECT COUNT(*) AS tp_count FROM `product` LIMIT 1   [ RunTime:0.0003s ]
SQL: SELECT * FROM `product` LIMIT 0,25   [ RunTime:0.0003s ]
INFO: [ view_parse ] --START--
INFO: [ template_filter ] --START--
INFO: Run Behavior\ContentReplaceBehavior [ RunTime:0.000160s ]
INFO: [ template_filter ] --END-- [ RunTime:0.000307s ]
NOTIC: [8] Undefined index: image_purl C:\wamp\www\Application\Runtime\Cache\Home\74fc9139d264ae8032e9fc192ceac7be.php 第 1296 行.
INFO: Run Behavior\ParseTemplateBehavior [ RunTime:0.021645s ]
INFO: [ view_parse ] --END-- [ RunTime:0.021760s ]
INFO: [ view_filter ] --START--
INFO: Run Behavior\WriteHtmlCacheBehavior [ RunTime:0.000362s ]
INFO: [ view_filter ] --END-- [ RunTime:0.000456s ]
INFO: [ app_end ] --START--
INFO: Run Behavior\ShowPageTraceBehavior [ RunTime:0.000774s ]
INFO: [ app_end ] --END-- [ RunTime:0.000957s ]

[ 2017-03-02T14:12:42+08:00 ] ::1 /index.php?c=index&a=main
INFO: [ app_init ] --START--
INFO: Run Behavior\BuildLiteBehavior [ RunTime:0.000026s ]
INFO: [ app_init ] --END-- [ RunTime:0.000451s ]
INFO: [ app_begin ] --START--
INFO: Run Behavior\ReadHtmlCacheBehavior [ RunTime:0.000573s ]
INFO: [ app_begin ] --END-- [ RunTime:0.000704s ]
SQL: SHOW COLUMNS FROM `product` [ RunTime:0.0128s ]
SQL: SELECT COUNT(*) AS tp_count FROM `product` LIMIT 1   [ RunTime:0.0002s ]
SQL: SELECT * FROM `product` LIMIT 0,25   [ RunTime:0.0003s ]
INFO: [ view_parse ] --START--
INFO: [ template_filter ] --START--
INFO: Run Behavior\ContentReplaceBehavior [ RunTime:0.000187s ]
INFO: [ template_filter ] --END-- [ RunTime:0.000371s ]
NOTIC: [8] Undefined index: image_purl C:\wamp\www\Application\Runtime\Cache\Home\74fc9139d264ae8032e9fc192ceac7be.php 第 1343 行.
INFO: Run Behavior\ParseTemplateBehavior [ RunTime:0.036570s ]
INFO: [ view_parse ] --END-- [ RunTime:0.036684s ]
INFO: [ view_filter ] --START--
INFO: Run Behavior\WriteHtmlCacheBehavior [ RunTime:0.000346s ]
INFO: [ view_filter ] --END-- [ RunTime:0.000445s ]
INFO: [ app_end ] --START--
INFO: Run Behavior\ShowPageTraceBehavior [ RunTime:0.000777s ]
INFO: [ app_end ] --END-- [ RunTime:0.000954s ]

